
*** Running vivado
    with args -log Uc_ROM.vds -m64 -product Vivado -mode batch -messageDb vivado.pb -notrace -source Uc_ROM.tcl


****** Vivado v2016.4 (64-bit)
  **** SW Build 1733598 on Wed Dec 14 22:35:39 MST 2016
  **** IP Build 1731160 on Wed Dec 14 23:47:21 MST 2016
    ** Copyright 1986-2016 Xilinx, Inc. All Rights Reserved.

source Uc_ROM.tcl -notrace
Starting RTL Elaboration : Time (s): cpu = 00:00:08 ; elapsed = 00:00:10 . Memory (MB): peak = 363.457 ; gain = 153.516
INFO: [Synth 8-638] synthesizing module 'Uc_ROM' [d:/Ashkan works/VHDL_project_2/phase2/phase2.srcs/sources_1/ip/Uc_ROM/synth/Uc_ROM.vhd:67]
INFO: [Synth 8-256] done synthesizing module 'Uc_ROM' (4#1) [d:/Ashkan works/VHDL_project_2/phase2/phase2.srcs/sources_1/ip/Uc_ROM/synth/Uc_ROM.vhd:67]
Finished RTL Elaboration : Time (s): cpu = 00:00:11 ; elapsed = 00:00:13 . Memory (MB): peak = 406.195 ; gain = 196.254
Finished RTL Optimization Phase 1 : Time (s): cpu = 00:00:11 ; elapsed = 00:00:13 . Memory (MB): peak = 406.195 ; gain = 196.254
INFO: [Device 21-403] Loading part xc7vx485tffg1157-1
Constraint Validation Runtime : Time (s): cpu = 00:00:00 ; elapsed = 00:00:00.010 . Memory (MB): peak = 769.004 ; gain = 0.000
Finished Constraint Validation : Time (s): cpu = 00:00:31 ; elapsed = 00:00:34 . Memory (MB): peak = 769.004 ; gain = 559.063
Finished Loading Part and Timing Information : Time (s): cpu = 00:00:31 ; elapsed = 00:00:34 . Memory (MB): peak = 769.004 ; gain = 559.063
Finished applying 'set_property' XDC Constraints : Time (s): cpu = 00:00:31 ; elapsed = 00:00:35 . Memory (MB): peak = 769.004 ; gain = 559.063
Finished RTL Optimization Phase 2 : Time (s): cpu = 00:00:32 ; elapsed = 00:00:35 . Memory (MB): peak = 769.004 ; gain = 559.063
Finished Cross Boundary and Area Optimization : Time (s): cpu = 00:00:32 ; elapsed = 00:00:35 . Memory (MB): peak = 769.004 ; gain = 559.063
---------------------------------------------------------------------------------
Start ROM, RAM, DSP and Shift Register Reporting
---------------------------------------------------------------------------------

ROM:
+---------------------+------------------------------------------------------+---------------+----------------+
|Module Name          | RTL Object                                           | Depth x Width | Implemented As | 
+---------------------+------------------------------------------------------+---------------+----------------+
|rom                  | rom[63]                                              | 64x32         | LUT            | 
|dist_mem_gen_v8_0_11 | synth_options.dist_mem_inst/gen_rom.rom_inst/rom[63] | 64x32         | LUT            | 
+---------------------+------------------------------------------------------+---------------+----------------+

---------------------------------------------------------------------------------
Finished ROM, RAM, DSP and Shift Register Reporting
---------------------------------------------------------------------------------
Finished Applying XDC Timing Constraints : Time (s): cpu = 00:00:43 ; elapsed = 00:00:46 . Memory (MB): peak = 769.004 ; gain = 559.063
Finished Timing Optimization : Time (s): cpu = 00:00:43 ; elapsed = 00:00:46 . Memory (MB): peak = 769.004 ; gain = 559.063
Finished Technology Mapping : Time (s): cpu = 00:00:43 ; elapsed = 00:00:46 . Memory (MB): peak = 769.004 ; gain = 559.063
Finished IO Insertion : Time (s): cpu = 00:00:43 ; elapsed = 00:00:47 . Memory (MB): peak = 769.004 ; gain = 559.063
Finished Renaming Generated Instances : Time (s): cpu = 00:00:43 ; elapsed = 00:00:47 . Memory (MB): peak = 769.004 ; gain = 559.063
Finished Rebuilding User Hierarchy : Time (s): cpu = 00:00:43 ; elapsed = 00:00:47 . Memory (MB): peak = 769.004 ; gain = 559.063
Finished Renaming Generated Ports : Time (s): cpu = 00:00:43 ; elapsed = 00:00:47 . Memory (MB): peak = 769.004 ; gain = 559.063
Finished Handling Custom Attributes : Time (s): cpu = 00:00:43 ; elapsed = 00:00:47 . Memory (MB): peak = 769.004 ; gain = 559.063
Finished Renaming Generated Nets : Time (s): cpu = 00:00:43 ; elapsed = 00:00:47 . Memory (MB): peak = 769.004 ; gain = 559.063

Report Cell Usage: 
+------+-----+------+
|      |Cell |Count |
+------+-----+------+
|1     |LUT6 |    24|
|2     |FDRE |     6|
+------+-----+------+
Finished Writing Synthesis Report : Time (s): cpu = 00:00:43 ; elapsed = 00:00:47 . Memory (MB): peak = 769.004 ; gain = 559.063
synth_design: Time (s): cpu = 00:00:42 ; elapsed = 00:00:44 . Memory (MB): peak = 804.348 ; gain = 542.492
