Vivado Simulator 2016.4
Copyright 1986-1999, 2001-2016 Xilinx, Inc. All Rights Reserved.
Running: E:/Xilinx/Vivado/2016.4/bin/unwrapped/win64.o/xelab.exe -wto ffa1527a69d2414889c13156ffadadec --debug typical --relax --mt 2 -L xil_defaultlib -L secureip -L xpm --snapshot LSTM_cell_tb_behav xil_defaultlib.LSTM_cell_tb -log elaborate.log 
Using 2 slave threads.
Starting static elaboration
Completed static elaboration
Starting simulation data flow analysis
Completed simulation data flow analysis
Time Resolution for simulation is 1ps
Compiling package std.standard
Compiling package std.textio
Compiling package ieee.std_logic_1164
Compiling package ieee.math_real
Compiling package ieee.numeric_std
Compiling package xil_defaultlib.neurals_utils
Compiling package ieee.std_logic_arith
Compiling package ieee.std_logic_unsigned
Compiling package unisim.vcomponents
Compiling package ieee.vital_timing
Compiling package ieee.vital_primitives
Compiling package unisim.vpkg
Compiling architecture high_level_sim of entity xil_defaultlib.multiplier_module [multiplier_module_default]
Compiling architecture high_level_sim of entity xil_defaultlib.add_module [add_module_default]
Compiling architecture gnd_v of entity unisim.GND [gnd_default]
Compiling architecture fdre_v of entity unisim.FDRE [fdre_default]
Compiling architecture lut5_v of entity unisim.LUT5 [\LUT5(init="11111110011111111101...]
Compiling architecture lut5_v of entity unisim.LUT5 [\LUT5(init="01111111000100111111...]
Compiling architecture lut5_v of entity unisim.LUT5 [\LUT5(init="00110100100010011110...]
Compiling architecture lut5_v of entity unisim.LUT5 [\LUT5(init="01000110001100111000...]
Compiling architecture lut5_v of entity unisim.LUT5 [\LUT5(init="00001001000010100111...]
Compiling architecture lut5_v of entity unisim.LUT5 [\LUT5(init="00101110111101100111...]
Compiling architecture lut5_v of entity unisim.LUT5 [\LUT5(init="10000010001001000100...]
Compiling architecture lut5_v of entity unisim.LUT5 [\LUT5(init="10100010001001100000...]
Compiling architecture lut5_v of entity unisim.LUT5 [\LUT5(init="00100010100011100110...]
Compiling architecture lut5_v of entity unisim.LUT5 [\LUT5(init="10010100011000110110...]
Compiling architecture lut5_v of entity unisim.LUT5 [\LUT5(init="10111100111001110111...]
Compiling architecture lut5_v of entity unisim.LUT5 [\LUT5(init="00010010001011011110...]
Compiling architecture lut5_v of entity unisim.LUT5 [\LUT5(init="01101101100010111100...]
Compiling architecture lut5_v of entity unisim.LUT5 [\LUT5(init="10100010111001100011...]
Compiling architecture lut5_v of entity unisim.LUT5 [\LUT5(init="01011001010010001100...]
Compiling architecture lut5_v of entity unisim.LUT5 [\LUT5(init="01011101101110101001...]
Compiling architecture lut5_v of entity unisim.LUT5 [\LUT5(init="11100001100010111100...]
Compiling architecture lut5_v of entity unisim.LUT5 [\LUT5(init="01011010011101011010...]
Compiling architecture lut5_v of entity unisim.LUT5 [\LUT5(init="10010111010100010010...]
Compiling architecture lut5_v of entity unisim.LUT5 [\LUT5(init="00110000111001100010...]
Compiling architecture lut5_v of entity unisim.LUT5 [\LUT5(init="01001101001011110110...]
Compiling architecture lut5_v of entity unisim.LUT5 [\LUT5(init="01001011010110111000...]
Compiling architecture lut5_v of entity unisim.LUT5 [\LUT5(init="10011011001000010110...]
Compiling architecture lut5_v of entity unisim.LUT5 [\LUT5(init="11000011100101011110...]
Compiling architecture structure of entity xil_defaultlib.Wc_ROM_rom [wc_rom_rom_default]
Compiling architecture structure of entity xil_defaultlib.Wc_ROM_dist_mem_gen_v8_0_11_synth [wc_rom_dist_mem_gen_v8_0_11_synt...]
Compiling architecture structure of entity xil_defaultlib.Wc_ROM_dist_mem_gen_v8_0_11 [wc_rom_dist_mem_gen_v8_0_11_defa...]
Compiling architecture structure of entity xil_defaultlib.Wc_ROM [wc_rom_default]
Compiling architecture lut5_v of entity unisim.LUT5 [\LUT5(init="11000110100001000010...]
Compiling architecture lut5_v of entity unisim.LUT5 [\LUT5(init="11010100101101001101...]
Compiling architecture lut5_v of entity unisim.LUT5 [\LUT5(init="11111010000100000100...]
Compiling architecture lut5_v of entity unisim.LUT5 [\LUT5(init="00011010000000010010...]
Compiling architecture lut5_v of entity unisim.LUT5 [\LUT5(init="01011001110000010010...]
Compiling architecture lut5_v of entity unisim.LUT5 [\LUT5(init="10110000000000110101...]
Compiling architecture lut5_v of entity unisim.LUT5 [\LUT5(init="00000001011011011010...]
Compiling architecture lut5_v of entity unisim.LUT5 [\LUT5(init="01100100110000110110...]
Compiling architecture lut5_v of entity unisim.LUT5 [\LUT5(init="00001010111001000001...]
Compiling architecture lut5_v of entity unisim.LUT5 [\LUT5(init="01011011010001001100...]
Compiling architecture lut5_v of entity unisim.LUT5 [\LUT5(init="01100010001110101001...]
Compiling architecture lut5_v of entity unisim.LUT5 [\LUT5(init="10001001101000010110...]
Compiling architecture lut5_v of entity unisim.LUT5 [\LUT5(init="00110000010001010001...]
Compiling architecture lut5_v of entity unisim.LUT5 [\LUT5(init="01010110011100010011...]
Compiling architecture lut5_v of entity unisim.LUT5 [\LUT5(init="00000100111101001111...]
Compiling architecture lut5_v of entity unisim.LUT5 [\LUT5(init="10110101100110100110...]
Compiling architecture lut5_v of entity unisim.LUT5 [\LUT5(init="10111011001101001011...]
Compiling architecture lut5_v of entity unisim.LUT5 [\LUT5(init="01010101010101010110...]
Compiling architecture lut5_v of entity unisim.LUT5 [\LUT5(init="11010100010110111000...]
Compiling architecture lut5_v of entity unisim.LUT5 [\LUT5(init="10100111000100101101...]
Compiling architecture lut5_v of entity unisim.LUT5 [\LUT5(init="10111010011110011101...]
Compiling architecture lut5_v of entity unisim.LUT5 [\LUT5(init="00111000001011111111...]
Compiling architecture lut5_v of entity unisim.LUT5 [\LUT5(init="11011110110000011100...]
Compiling architecture lut5_v of entity unisim.LUT5 [\LUT5(init="10101010101110000001...]
Compiling architecture structure of entity xil_defaultlib.Wf_ROM_rom [wf_rom_rom_default]
Compiling architecture structure of entity xil_defaultlib.Wf_ROM_dist_mem_gen_v8_0_11_synth [wf_rom_dist_mem_gen_v8_0_11_synt...]
Compiling architecture structure of entity xil_defaultlib.Wf_ROM_dist_mem_gen_v8_0_11 [wf_rom_dist_mem_gen_v8_0_11_defa...]
Compiling architecture structure of entity xil_defaultlib.Wf_ROM [wf_rom_default]
Compiling architecture lut5_v of entity unisim.LUT5 [\LUT5(init="00010000100000010110...]
Compiling architecture lut5_v of entity unisim.LUT5 [\LUT5(init="10110000001100001111...]
Compiling architecture lut5_v of entity unisim.LUT5 [\LUT5(init="01100111001100011001...]
Compiling architecture lut5_v of entity unisim.LUT5 [\LUT5(init="11001100000010000001...]
Compiling architecture lut5_v of entity unisim.LUT5 [\LUT5(init="11111111010001100101...]
Compiling architecture lut5_v of entity unisim.LUT5 [\LUT5(init="00110011011101101110...]
Compiling architecture lut5_v of entity unisim.LUT5 [\LUT5(init="10111101110101101100...]
Compiling architecture lut5_v of entity unisim.LUT5 [\LUT5(init="00100010110101001010...]
Compiling architecture lut5_v of entity unisim.LUT5 [\LUT5(init="10010101000101010110...]
Compiling architecture lut5_v of entity unisim.LUT5 [\LUT5(init="11011000100101010110...]
Compiling architecture lut5_v of entity unisim.LUT5 [\LUT5(init="00100111110010111101...]
Compiling architecture lut5_v of entity unisim.LUT5 [\LUT5(init="10100001011111101010...]
Compiling architecture lut5_v of entity unisim.LUT5 [\LUT5(init="00101101101110110110...]
Compiling architecture lut5_v of entity unisim.LUT5 [\LUT5(init="11001110011011101010...]
Compiling architecture lut5_v of entity unisim.LUT5 [\LUT5(init="01101001100010100111...]
Compiling architecture lut5_v of entity unisim.LUT5 [\LUT5(init="11101001100100001100...]
Compiling architecture lut5_v of entity unisim.LUT5 [\LUT5(init="00010000111011000101...]
Compiling architecture lut5_v of entity unisim.LUT5 [\LUT5(init="11101001100010001110...]
Compiling architecture lut5_v of entity unisim.LUT5 [\LUT5(init="01110111111011000100...]
Compiling architecture lut5_v of entity unisim.LUT5 [\LUT5(init="01011000100110000000...]
Compiling architecture lut5_v of entity unisim.LUT5 [\LUT5(init="10100011010110101011...]
Compiling architecture lut5_v of entity unisim.LUT5 [\LUT5(init="10011010110000110000...]
Compiling architecture lut5_v of entity unisim.LUT5 [\LUT5(init="00110010111010110000...]
Compiling architecture lut5_v of entity unisim.LUT5 [\LUT5(init="00001010001011001101...]
Compiling architecture structure of entity xil_defaultlib.Wi_ROM_rom [wi_rom_rom_default]
Compiling architecture structure of entity xil_defaultlib.Wi_ROM_dist_mem_gen_v8_0_11_synth [wi_rom_dist_mem_gen_v8_0_11_synt...]
Compiling architecture structure of entity xil_defaultlib.Wi_ROM_dist_mem_gen_v8_0_11 [wi_rom_dist_mem_gen_v8_0_11_defa...]
Compiling architecture structure of entity xil_defaultlib.Wi_ROM [wi_rom_default]
Compiling architecture lut5_v of entity unisim.LUT5 [\LUT5(init="11000111110111101011...]
Compiling architecture lut5_v of entity unisim.LUT5 [\LUT5(init="10100110101011100001...]
Compiling architecture lut5_v of entity unisim.LUT5 [\LUT5(init="00111110100011110011...]
Compiling architecture lut5_v of entity unisim.LUT5 [\LUT5(init="10001001101011000011...]
Compiling architecture lut5_v of entity unisim.LUT5 [\LUT5(init="11000010011111001010...]
Compiling architecture lut5_v of entity unisim.LUT5 [\LUT5(init="10101000100101000110...]
Compiling architecture lut5_v of entity unisim.LUT5 [\LUT5(init="10101111001111010110...]
Compiling architecture lut5_v of entity unisim.LUT5 [\LUT5(init="01000100010111011100...]
Compiling architecture lut5_v of entity unisim.LUT5 [\LUT5(init="00000101010111011101...]
Compiling architecture lut5_v of entity unisim.LUT5 [\LUT5(init="01011110110001111010...]
Compiling architecture lut5_v of entity unisim.LUT5 [\LUT5(init="00001010111110000101...]
Compiling architecture lut5_v of entity unisim.LUT5 [\LUT5(init="00010000011000101011...]
Compiling architecture lut5_v of entity unisim.LUT5 [\LUT5(init="11011011111000011010...]
Compiling architecture lut5_v of entity unisim.LUT5 [\LUT5(init="10110110010010001000...]
Compiling architecture lut5_v of entity unisim.LUT5 [\LUT5(init="00000011010000001101...]
Compiling architecture lut5_v of entity unisim.LUT5 [\LUT5(init="00110011000101000111...]
Compiling architecture lut5_v of entity unisim.LUT5 [\LUT5(init="00110011001010011111...]
Compiling architecture lut5_v of entity unisim.LUT5 [\LUT5(init="01101010010111110111...]
Compiling architecture lut5_v of entity unisim.LUT5 [\LUT5(init="00110011001010001111...]
Compiling architecture lut5_v of entity unisim.LUT5 [\LUT5(init="00100011010011101101...]
Compiling architecture lut5_v of entity unisim.LUT5 [\LUT5(init="00110011101001110000...]
Compiling architecture lut5_v of entity unisim.LUT5 [\LUT5(init="11011111011001100101...]
Compiling architecture lut5_v of entity unisim.LUT5 [\LUT5(init="01011000110001001110...]
Compiling architecture lut5_v of entity unisim.LUT5 [\LUT5(init="01001010010010111001...]
Compiling architecture lut5_v of entity unisim.LUT5 [\LUT5(init="11110001010000111001...]
Compiling architecture structure of entity xil_defaultlib.Wo_ROM_rom [wo_rom_rom_default]
Compiling architecture structure of entity xil_defaultlib.Wo_ROM_dist_mem_gen_v8_0_11_synth [wo_rom_dist_mem_gen_v8_0_11_synt...]
Compiling architecture structure of entity xil_defaultlib.Wo_ROM_dist_mem_gen_v8_0_11 [wo_rom_dist_mem_gen_v8_0_11_defa...]
Compiling architecture structure of entity xil_defaultlib.Wo_ROM [wo_rom_default]
Compiling architecture lut4_v of entity unisim.LUT4 [\LUT4(init="0000000001111001")(0...]
Compiling architecture lut4_v of entity unisim.LUT4 [\LUT4(init="0000000010000111")(0...]
Compiling architecture lut4_v of entity unisim.LUT4 [\LUT4(init="0000000001101011")(0...]
Compiling architecture lut4_v of entity unisim.LUT4 [\LUT4(init="0000000001111011")(0...]
Compiling architecture lut4_v of entity unisim.LUT4 [\LUT4(init="0000000011000110")(0...]
Compiling architecture lut4_v of entity unisim.LUT4 [\LUT4(init="0000000001111111")(0...]
Compiling architecture lut4_v of entity unisim.LUT4 [\LUT4(init="0000000001001101")(0...]
Compiling architecture lut4_v of entity unisim.LUT4 [\LUT4(init="0000000010110010")(0...]
Compiling architecture lut4_v of entity unisim.LUT4 [\LUT4(init="0000000001101110")(0...]
Compiling architecture lut4_v of entity unisim.LUT4 [\LUT4(init="0000000000111110")(0...]
Compiling architecture lut2_v of entity unisim.LUT2 [\LUT2(init="0010")(0,3)\]
Compiling architecture lut3_v of entity unisim.LUT3 [\LUT3(init="00000111")(0,7)\]
Compiling architecture lut4_v of entity unisim.LUT4 [\LUT4(init="0000000001011100")(0...]
Compiling architecture lut4_v of entity unisim.LUT4 [\LUT4(init="0000000000111011")(0...]
Compiling architecture lut4_v of entity unisim.LUT4 [\LUT4(init="0000000010111111")(0...]
Compiling architecture lut3_v of entity unisim.LUT3 [\LUT3(init="00000001")(0,7)\]
Compiling architecture lut4_v of entity unisim.LUT4 [\LUT4(init="0000000010011110")(0...]
Compiling architecture lut4_v of entity unisim.LUT4 [\LUT4(init="0000000000101100")(0...]
Compiling architecture lut4_v of entity unisim.LUT4 [\LUT4(init="0000000001100101")(0...]
Compiling architecture structure of entity xil_defaultlib.Bc_ROM_rom [bc_rom_rom_default]
Compiling architecture structure of entity xil_defaultlib.Bc_ROM_dist_mem_gen_v8_0_11_synth [bc_rom_dist_mem_gen_v8_0_11_synt...]
Compiling architecture structure of entity xil_defaultlib.Bc_ROM_dist_mem_gen_v8_0_11 [bc_rom_dist_mem_gen_v8_0_11_defa...]
Compiling architecture structure of entity xil_defaultlib.Bc_ROM [bc_rom_default]
Compiling architecture lut4_v of entity unisim.LUT4 [\LUT4(init="0000000000000111")(0...]
Compiling architecture lut4_v of entity unisim.LUT4 [\LUT4(init="0010000100100010")(0...]
Compiling architecture lut4_v of entity unisim.LUT4 [\LUT4(init="0000000011100111")(0...]
Compiling architecture lut4_v of entity unisim.LUT4 [\LUT4(init="0000000010111100")(0...]
Compiling architecture lut4_v of entity unisim.LUT4 [\LUT4(init="0000000000000001")(0...]
Compiling architecture lut2_v of entity unisim.LUT2 [\LUT2(init="0001")(0,3)\]
Compiling architecture lut4_v of entity unisim.LUT4 [\LUT4(init="0000000001010001")(0...]
Compiling architecture lut3_v of entity unisim.LUT3 [\LUT3(init="00001011")(0,7)\]
Compiling architecture lut4_v of entity unisim.LUT4 [\LUT4(init="0000001100100000")(0...]
Compiling architecture lut4_v of entity unisim.LUT4 [\LUT4(init="0000001000010000")(0...]
Compiling architecture lut4_v of entity unisim.LUT4 [\LUT4(init="0001010100000000")(0...]
Compiling architecture lut4_v of entity unisim.LUT4 [\LUT4(init="0000000011001001")(0...]
Compiling architecture lut4_v of entity unisim.LUT4 [\LUT4(init="0000000000110010")(0...]
Compiling architecture lut1_v of entity unisim.LUT1 [\LUT1(init="0001")(0,3)\]
Compiling architecture lut4_v of entity unisim.LUT4 [\LUT4(init="0010001000010000")(0...]
Compiling architecture lut4_v of entity unisim.LUT4 [\LUT4(init="0000000000110100")(0...]
Compiling architecture lut3_v of entity unisim.LUT3 [\LUT3(init="00001001")(0,7)\]
Compiling architecture lut4_v of entity unisim.LUT4 [\LUT4(init="0000000000111000")(0...]
Compiling architecture lut3_v of entity unisim.LUT3 [\LUT3(init="00000100")(0,7)\]
Compiling architecture lut4_v of entity unisim.LUT4 [\LUT4(init="0000000011010110")(0...]
Compiling architecture lut4_v of entity unisim.LUT4 [\LUT4(init="0000000011001101")(0...]
Compiling architecture lut4_v of entity unisim.LUT4 [\LUT4(init="0000000000000100")(0...]
Compiling architecture structure of entity xil_defaultlib.Bf_ROM_rom [bf_rom_rom_default]
Compiling architecture structure of entity xil_defaultlib.Bf_ROM_dist_mem_gen_v8_0_11_synth [bf_rom_dist_mem_gen_v8_0_11_synt...]
Compiling architecture structure of entity xil_defaultlib.Bf_ROM_dist_mem_gen_v8_0_11 [bf_rom_dist_mem_gen_v8_0_11_defa...]
Compiling architecture structure of entity xil_defaultlib.Bf_ROM [bf_rom_default]
Compiling architecture lut4_v of entity unisim.LUT4 [\LUT4(init="0000000000100101")(0...]
Compiling architecture lut4_v of entity unisim.LUT4 [\LUT4(init="0000000000110110")(0...]
Compiling architecture lut4_v of entity unisim.LUT4 [\LUT4(init="0000000011110111")(0...]
Compiling architecture lut4_v of entity unisim.LUT4 [\LUT4(init="0000000001110110")(0...]
Compiling architecture lut4_v of entity unisim.LUT4 [\LUT4(init="0000000011000010")(0...]
Compiling architecture lut4_v of entity unisim.LUT4 [\LUT4(init="0000000001111010")(0...]
Compiling architecture lut4_v of entity unisim.LUT4 [\LUT4(init="0000000010010110")(0...]
Compiling architecture lut4_v of entity unisim.LUT4 [\LUT4(init="0000000010000100")(0...]
Compiling architecture lut4_v of entity unisim.LUT4 [\LUT4(init="0000000010101001")(0...]
Compiling architecture lut4_v of entity unisim.LUT4 [\LUT4(init="0000000001011101")(0...]
Compiling architecture lut4_v of entity unisim.LUT4 [\LUT4(init="0000000000011011")(0...]
Compiling architecture lut4_v of entity unisim.LUT4 [\LUT4(init="0000000000000010")(0...]
Compiling architecture lut3_v of entity unisim.LUT3 [\LUT3(init="00000110")(0,7)\]
Compiling architecture lut4_v of entity unisim.LUT4 [\LUT4(init="0000000010110001")(0...]
Compiling architecture lut4_v of entity unisim.LUT4 [\LUT4(init="0000000001001011")(0...]
Compiling architecture lut4_v of entity unisim.LUT4 [\LUT4(init="0000000010110111")(0...]
Compiling architecture lut4_v of entity unisim.LUT4 [\LUT4(init="0000000000100001")(0...]
Compiling architecture lut4_v of entity unisim.LUT4 [\LUT4(init="0000000001100111")(0...]
Compiling architecture lut4_v of entity unisim.LUT4 [\LUT4(init="0000000000100000")(0...]
Compiling architecture structure of entity xil_defaultlib.Bi_ROM_rom [bi_rom_rom_default]
Compiling architecture structure of entity xil_defaultlib.Bi_ROM_dist_mem_gen_v8_0_11_synth [bi_rom_dist_mem_gen_v8_0_11_synt...]
Compiling architecture structure of entity xil_defaultlib.Bi_ROM_dist_mem_gen_v8_0_11 [bi_rom_dist_mem_gen_v8_0_11_defa...]
Compiling architecture structure of entity xil_defaultlib.Bi_ROM [bi_rom_default]
Compiling architecture lut4_v of entity unisim.LUT4 [\LUT4(init="0000000010110100")(0...]
Compiling architecture lut4_v of entity unisim.LUT4 [\LUT4(init="0000000011000101")(0...]
Compiling architecture lut4_v of entity unisim.LUT4 [\LUT4(init="0011000000100010")(0...]
Compiling architecture lut3_v of entity unisim.LUT3 [\LUT3(init="00001110")(0,7)\]
Compiling architecture lut4_v of entity unisim.LUT4 [\LUT4(init="0000000010010101")(0...]
Compiling architecture lut4_v of entity unisim.LUT4 [\LUT4(init="0000000010001111")(0...]
Compiling architecture lut4_v of entity unisim.LUT4 [\LUT4(init="0000000001110100")(0...]
Compiling architecture lut4_v of entity unisim.LUT4 [\LUT4(init="0000000011000111")(0...]
Compiling architecture lut4_v of entity unisim.LUT4 [\LUT4(init="0000110000000111")(0...]
Compiling architecture lut4_v of entity unisim.LUT4 [\LUT4(init="0000000011100011")(0...]
Compiling architecture lut4_v of entity unisim.LUT4 [\LUT4(init="0000001100000010")(0...]
Compiling architecture lut4_v of entity unisim.LUT4 [\LUT4(init="0000000001111100")(0...]
Compiling architecture lut4_v of entity unisim.LUT4 [\LUT4(init="0000001000110010")(0...]
Compiling architecture structure of entity xil_defaultlib.Bo_ROM_rom [bo_rom_rom_default]
Compiling architecture structure of entity xil_defaultlib.Bo_ROM_dist_mem_gen_v8_0_11_synth [bo_rom_dist_mem_gen_v8_0_11_synt...]
Compiling architecture structure of entity xil_defaultlib.Bo_ROM_dist_mem_gen_v8_0_11 [bo_rom_dist_mem_gen_v8_0_11_defa...]
Compiling architecture structure of entity xil_defaultlib.Bo_ROM [bo_rom_default]
Compiling architecture lut6_v of entity unisim.LUT6 [\LUT6(init="00001010101100100100...]
Compiling architecture lut6_v of entity unisim.LUT6 [\LUT6(init="10011000011100001111...]
Compiling architecture lut6_v of entity unisim.LUT6 [\LUT6(init="00000010101000110101...]
Compiling architecture lut6_v of entity unisim.LUT6 [\LUT6(init="11010011011011101101...]
Compiling architecture lut6_v of entity unisim.LUT6 [\LUT6(init="00001111110100110001...]
Compiling architecture lut6_v of entity unisim.LUT6 [\LUT6(init="10001011010110011110...]
Compiling architecture lut6_v of entity unisim.LUT6 [\LUT6(init="10111101010100100100...]
Compiling architecture lut6_v of entity unisim.LUT6 [\LUT6(init="01011100000000110001...]
Compiling architecture lut6_v of entity unisim.LUT6 [\LUT6(init="00100110101011110010...]
Compiling architecture lut6_v of entity unisim.LUT6 [\LUT6(init="00010110000000110000...]
Compiling architecture lut6_v of entity unisim.LUT6 [\LUT6(init="11100000100100001000...]
Compiling architecture lut6_v of entity unisim.LUT6 [\LUT6(init="11101010110001001011...]
Compiling architecture lut6_v of entity unisim.LUT6 [\LUT6(init="11110000111100110101...]
Compiling architecture lut6_v of entity unisim.LUT6 [\LUT6(init="11101101101000000000...]
Compiling architecture lut6_v of entity unisim.LUT6 [\LUT6(init="01000110001010010000...]
Compiling architecture lut6_v of entity unisim.LUT6 [\LUT6(init="00001110001001010101...]
Compiling architecture lut6_v of entity unisim.LUT6 [\LUT6(init="11111000110100111110...]
Compiling architecture lut6_v of entity unisim.LUT6 [\LUT6(init="01001110001001010100...]
Compiling architecture lut6_v of entity unisim.LUT6 [\LUT6(init="01100101010111111110...]
Compiling architecture lut6_v of entity unisim.LUT6 [\LUT6(init="11010110101101101011...]
Compiling architecture lut6_v of entity unisim.LUT6 [\LUT6(init="11001001111100001111...]
Compiling architecture lut6_v of entity unisim.LUT6 [\LUT6(init="10001001000110011101...]
Compiling architecture lut6_v of entity unisim.LUT6 [\LUT6(init="10001101101101111100...]
Compiling architecture lut6_v of entity unisim.LUT6 [\LUT6(init="10011110101111011111...]
Compiling architecture structure of entity xil_defaultlib.Uc_ROM_rom [uc_rom_rom_default]
Compiling architecture structure of entity xil_defaultlib.Uc_ROM_dist_mem_gen_v8_0_11_synth [uc_rom_dist_mem_gen_v8_0_11_synt...]
Compiling architecture structure of entity xil_defaultlib.Uc_ROM_dist_mem_gen_v8_0_11 [uc_rom_dist_mem_gen_v8_0_11_defa...]
Compiling architecture structure of entity xil_defaultlib.Uc_ROM [uc_rom_default]
Compiling architecture lut6_v of entity unisim.LUT6 [\LUT6(init="01100000011010011110...]
Compiling architecture lut6_v of entity unisim.LUT6 [\LUT6(init="11001010000101100101...]
Compiling architecture lut6_v of entity unisim.LUT6 [\LUT6(init="11000100001100110000...]
Compiling architecture lut6_v of entity unisim.LUT6 [\LUT6(init="00111111110011100010...]
Compiling architecture lut6_v of entity unisim.LUT6 [\LUT6(init="11001111100000110000...]
Compiling architecture lut6_v of entity unisim.LUT6 [\LUT6(init="00001001111100000110...]
Compiling architecture lut6_v of entity unisim.LUT6 [\LUT6(init="01111110111100001010...]
Compiling architecture lut6_v of entity unisim.LUT6 [\LUT6(init="01010101100110001100...]
Compiling architecture lut6_v of entity unisim.LUT6 [\LUT6(init="00101101001011010101...]
Compiling architecture lut6_v of entity unisim.LUT6 [\LUT6(init="11110110110101100111...]
Compiling architecture lut6_v of entity unisim.LUT6 [\LUT6(init="00110011010011111101...]
Compiling architecture lut6_v of entity unisim.LUT6 [\LUT6(init="00011111101100101100...]
Compiling architecture lut6_v of entity unisim.LUT6 [\LUT6(init="00111101000010011000...]
Compiling architecture lut6_v of entity unisim.LUT6 [\LUT6(init="01011000101010000110...]
Compiling architecture lut6_v of entity unisim.LUT6 [\LUT6(init="11101101010110100101...]
Compiling architecture lut6_v of entity unisim.LUT6 [\LUT6(init="00101010010110100000...]
Compiling architecture lut6_v of entity unisim.LUT6 [\LUT6(init="00001100010101010100...]
Compiling architecture lut6_v of entity unisim.LUT6 [\LUT6(init="01101010010110100100...]
Compiling architecture lut6_v of entity unisim.LUT6 [\LUT6(init="10001100000000001001...]
Compiling architecture lut6_v of entity unisim.LUT6 [\LUT6(init="11001001011101010001...]
Compiling architecture lut6_v of entity unisim.LUT6 [\LUT6(init="00100100110101100010...]
Compiling architecture lut6_v of entity unisim.LUT6 [\LUT6(init="01011001110111100000...]
Compiling architecture lut6_v of entity unisim.LUT6 [\LUT6(init="11111010110000000110...]
Compiling architecture lut6_v of entity unisim.LUT6 [\LUT6(init="01000100000011000011...]
Compiling architecture structure of entity xil_defaultlib.Uf_ROM_rom [uf_rom_rom_default]
Compiling architecture structure of entity xil_defaultlib.Uf_ROM_dist_mem_gen_v8_0_11_synth [uf_rom_dist_mem_gen_v8_0_11_synt...]
Compiling architecture structure of entity xil_defaultlib.Uf_ROM_dist_mem_gen_v8_0_11 [uf_rom_dist_mem_gen_v8_0_11_defa...]
Compiling architecture structure of entity xil_defaultlib.Uf_ROM [uf_rom_default]
Compiling architecture lut6_v of entity unisim.LUT6 [\LUT6(init="11110100001001000001...]
Compiling architecture lut6_v of entity unisim.LUT6 [\LUT6(init="00110010011000010111...]
Compiling architecture lut6_v of entity unisim.LUT6 [\LUT6(init="01011110100100011101...]
Compiling architecture lut6_v of entity unisim.LUT6 [\LUT6(init="00110111110010100001...]
Compiling architecture lut6_v of entity unisim.LUT6 [\LUT6(init="10000010001010110110...]
Compiling architecture lut6_v of entity unisim.LUT6 [\LUT6(init="01011000111010101111...]
Compiling architecture lut6_v of entity unisim.LUT6 [\LUT6(init="01101110000001111101...]
Compiling architecture lut6_v of entity unisim.LUT6 [\LUT6(init="11001110101100001010...]
Compiling architecture lut6_v of entity unisim.LUT6 [\LUT6(init="00011100101000111011...]
Compiling architecture lut6_v of entity unisim.LUT6 [\LUT6(init="01100100110010111011...]
Compiling architecture lut6_v of entity unisim.LUT6 [\LUT6(init="01001111100101100110...]
Compiling architecture lut6_v of entity unisim.LUT6 [\LUT6(init="10111000101101010011...]
Compiling architecture lut6_v of entity unisim.LUT6 [\LUT6(init="10011101110011100111...]
Compiling architecture lut6_v of entity unisim.LUT6 [\LUT6(init="11101010011011110100...]
Compiling architecture lut6_v of entity unisim.LUT6 [\LUT6(init="00001000111101110001...]
Compiling architecture lut6_v of entity unisim.LUT6 [\LUT6(init="00000010010001110011...]
Compiling architecture lut6_v of entity unisim.LUT6 [\LUT6(init="01111010011000010111...]
Compiling architecture lut6_v of entity unisim.LUT6 [\LUT6(init="00000010010001110011...]
Compiling architecture lut6_v of entity unisim.LUT6 [\LUT6(init="00100010000100110000...]
Compiling architecture lut6_v of entity unisim.LUT6 [\LUT6(init="10011110101001100111...]
Compiling architecture lut6_v of entity unisim.LUT6 [\LUT6(init="11001000000011000011...]
Compiling architecture lut6_v of entity unisim.LUT6 [\LUT6(init="00101111110001111001...]
Compiling architecture lut6_v of entity unisim.LUT6 [\LUT6(init="00000011101111011110...]
Compiling architecture lut6_v of entity unisim.LUT6 [\LUT6(init="01101001001001110101...]
Compiling architecture structure of entity xil_defaultlib.Ui_ROM_rom [ui_rom_rom_default]
Compiling architecture structure of entity xil_defaultlib.Ui_ROM_dist_mem_gen_v8_0_11_synth [ui_rom_dist_mem_gen_v8_0_11_synt...]
Compiling architecture structure of entity xil_defaultlib.Ui_ROM_dist_mem_gen_v8_0_11 [ui_rom_dist_mem_gen_v8_0_11_defa...]
Compiling architecture structure of entity xil_defaultlib.Ui_ROM [ui_rom_default]
Compiling architecture lut6_v of entity unisim.LUT6 [\LUT6(init="11011001111001011110...]
Compiling architecture lut6_v of entity unisim.LUT6 [\LUT6(init="00111101100011001111...]
Compiling architecture lut6_v of entity unisim.LUT6 [\LUT6(init="10110001001100101101...]
Compiling architecture lut6_v of entity unisim.LUT6 [\LUT6(init="10001111100010111100...]
Compiling architecture lut6_v of entity unisim.LUT6 [\LUT6(init="10101111101011100101...]
Compiling architecture lut6_v of entity unisim.LUT6 [\LUT6(init="10011101001100001100...]
Compiling architecture lut6_v of entity unisim.LUT6 [\LUT6(init="10101111110101100010...]
Compiling architecture lut6_v of entity unisim.LUT6 [\LUT6(init="00111110111100100011...]
Compiling architecture lut6_v of entity unisim.LUT6 [\LUT6(init="11110110010100110101...]
Compiling architecture lut6_v of entity unisim.LUT6 [\LUT6(init="01010011101010001011...]
Compiling architecture lut6_v of entity unisim.LUT6 [\LUT6(init="01100000110111000100...]
Compiling architecture lut6_v of entity unisim.LUT6 [\LUT6(init="11110101011101011010...]
Compiling architecture lut6_v of entity unisim.LUT6 [\LUT6(init="10001000110111010010...]
Compiling architecture lut6_v of entity unisim.LUT6 [\LUT6(init="10100101001100001100...]
Compiling architecture lut6_v of entity unisim.LUT6 [\LUT6(init="01000011110000001110...]
Compiling architecture lut6_v of entity unisim.LUT6 [\LUT6(init="01000011110100000000...]
Compiling architecture lut6_v of entity unisim.LUT6 [\LUT6(init="01001111000101011111...]
Compiling architecture lut6_v of entity unisim.LUT6 [\LUT6(init="01000011110100000000...]
Compiling architecture lut6_v of entity unisim.LUT6 [\LUT6(init="11100001100011011111...]
Compiling architecture lut6_v of entity unisim.LUT6 [\LUT6(init="10110010101011000010...]
Compiling architecture lut6_v of entity unisim.LUT6 [\LUT6(init="11110010011111100000...]
Compiling architecture lut6_v of entity unisim.LUT6 [\LUT6(init="00000100010111101101...]
Compiling architecture lut6_v of entity unisim.LUT6 [\LUT6(init="01100001101010100111...]
Compiling architecture lut6_v of entity unisim.LUT6 [\LUT6(init="00111011111011001010...]
Compiling architecture structure of entity xil_defaultlib.Uo_ROM_rom [uo_rom_rom_default]
Compiling architecture structure of entity xil_defaultlib.Uo_ROM_dist_mem_gen_v8_0_11_synth [uo_rom_dist_mem_gen_v8_0_11_synt...]
Compiling architecture structure of entity xil_defaultlib.Uo_ROM_dist_mem_gen_v8_0_11 [uo_rom_dist_mem_gen_v8_0_11_defa...]
Compiling architecture structure of entity xil_defaultlib.Uo_ROM [uo_rom_default]
Compiling architecture behavioral of entity xil_defaultlib.matrix_multipler [\matrix_multipler(input_a_rows=1...]
Compiling architecture behavioral of entity xil_defaultlib.matrix_multipler [\matrix_multipler(input_a_rows=1...]
Compiling architecture high_level_sim of entity xil_defaultlib.sigmoid_module [sigmoid_module_default]
Compiling architecture high_level_sim of entity xil_defaultlib.tanh_module [tanh_module_default]
Compiling architecture behavioral of entity xil_defaultlib.LSTM_cell [lstm_cell_default]
Compiling architecture behavioral of entity xil_defaultlib.lstm_cell_tb
Built simulation snapshot LSTM_cell_tb_behav
