INFO: [VRFC 10-163] Analyzing VHDL file "D:/Ashkan works/VHDL_project_2/phase2/phase2.srcs/sources_1/new/neurals_utils_pkg.vhd" into library xil_defaultlib
INFO: [VRFC 10-163] Analyzing VHDL file "D:/Ashkan works/VHDL_project_2/phase2/phase2.srcs/sources_1/ip/Wo_ROM/Wo_ROM_sim_netlist.vhdl" into library xil_defaultlib
INFO: [VRFC 10-307] analyzing entity Wo_ROM_rom
INFO: [VRFC 10-307] analyzing entity Wo_ROM_dist_mem_gen_v8_0_11_synth
INFO: [VRFC 10-307] analyzing entity Wo_ROM_dist_mem_gen_v8_0_11
INFO: [VRFC 10-307] analyzing entity Wo_ROM
INFO: [VRFC 10-163] Analyzing VHDL file "D:/Ashkan works/VHDL_project_2/phase2/phase2.srcs/sources_1/ip/Wi_ROM/Wi_ROM_sim_netlist.vhdl" into library xil_defaultlib
INFO: [VRFC 10-307] analyzing entity Wi_ROM_rom
INFO: [VRFC 10-307] analyzing entity Wi_ROM_dist_mem_gen_v8_0_11_synth
INFO: [VRFC 10-307] analyzing entity Wi_ROM_dist_mem_gen_v8_0_11
INFO: [VRFC 10-307] analyzing entity Wi_ROM
INFO: [VRFC 10-163] Analyzing VHDL file "D:/Ashkan works/VHDL_project_2/phase2/phase2.srcs/sources_1/ip/Wf_ROM/Wf_ROM_sim_netlist.vhdl" into library xil_defaultlib
INFO: [VRFC 10-307] analyzing entity Wf_ROM_rom
INFO: [VRFC 10-307] analyzing entity Wf_ROM_dist_mem_gen_v8_0_11_synth
INFO: [VRFC 10-307] analyzing entity Wf_ROM_dist_mem_gen_v8_0_11
INFO: [VRFC 10-307] analyzing entity Wf_ROM
INFO: [VRFC 10-163] Analyzing VHDL file "D:/Ashkan works/VHDL_project_2/phase2/phase2.srcs/sources_1/ip/Wc_ROM/Wc_ROM_sim_netlist.vhdl" into library xil_defaultlib
INFO: [VRFC 10-307] analyzing entity Wc_ROM_rom
INFO: [VRFC 10-307] analyzing entity Wc_ROM_dist_mem_gen_v8_0_11_synth
INFO: [VRFC 10-307] analyzing entity Wc_ROM_dist_mem_gen_v8_0_11
INFO: [VRFC 10-307] analyzing entity Wc_ROM
INFO: [VRFC 10-163] Analyzing VHDL file "D:/Ashkan works/VHDL_project_2/phase2/phase2.srcs/sources_1/ip/Uo_ROM/Uo_ROM_sim_netlist.vhdl" into library xil_defaultlib
INFO: [VRFC 10-307] analyzing entity Uo_ROM_rom
INFO: [VRFC 10-307] analyzing entity Uo_ROM_dist_mem_gen_v8_0_11_synth
INFO: [VRFC 10-307] analyzing entity Uo_ROM_dist_mem_gen_v8_0_11
INFO: [VRFC 10-307] analyzing entity Uo_ROM
INFO: [VRFC 10-163] Analyzing VHDL file "D:/Ashkan works/VHDL_project_2/phase2/phase2.srcs/sources_1/ip/Ui_ROM/Ui_ROM_sim_netlist.vhdl" into library xil_defaultlib
INFO: [VRFC 10-307] analyzing entity Ui_ROM_rom
INFO: [VRFC 10-307] analyzing entity Ui_ROM_dist_mem_gen_v8_0_11_synth
INFO: [VRFC 10-307] analyzing entity Ui_ROM_dist_mem_gen_v8_0_11
INFO: [VRFC 10-307] analyzing entity Ui_ROM
INFO: [VRFC 10-163] Analyzing VHDL file "D:/Ashkan works/VHDL_project_2/phase2/phase2.srcs/sources_1/ip/Uf_ROM/Uf_ROM_sim_netlist.vhdl" into library xil_defaultlib
INFO: [VRFC 10-307] analyzing entity Uf_ROM_rom
INFO: [VRFC 10-307] analyzing entity Uf_ROM_dist_mem_gen_v8_0_11_synth
INFO: [VRFC 10-307] analyzing entity Uf_ROM_dist_mem_gen_v8_0_11
INFO: [VRFC 10-307] analyzing entity Uf_ROM
INFO: [VRFC 10-163] Analyzing VHDL file "D:/Ashkan works/VHDL_project_2/phase2/phase2.srcs/sources_1/ip/Uc_ROM/Uc_ROM_sim_netlist.vhdl" into library xil_defaultlib
INFO: [VRFC 10-307] analyzing entity Uc_ROM_rom
INFO: [VRFC 10-307] analyzing entity Uc_ROM_dist_mem_gen_v8_0_11_synth
INFO: [VRFC 10-307] analyzing entity Uc_ROM_dist_mem_gen_v8_0_11
INFO: [VRFC 10-307] analyzing entity Uc_ROM
INFO: [VRFC 10-163] Analyzing VHDL file "D:/Ashkan works/VHDL_project_2/phase2/phase2.srcs/sources_1/ip/Bo_ROM/Bo_ROM_sim_netlist.vhdl" into library xil_defaultlib
INFO: [VRFC 10-307] analyzing entity Bo_ROM_rom
INFO: [VRFC 10-307] analyzing entity Bo_ROM_dist_mem_gen_v8_0_11_synth
INFO: [VRFC 10-307] analyzing entity Bo_ROM_dist_mem_gen_v8_0_11
INFO: [VRFC 10-307] analyzing entity Bo_ROM
INFO: [VRFC 10-163] Analyzing VHDL file "D:/Ashkan works/VHDL_project_2/phase2/phase2.srcs/sources_1/ip/Bi_ROM/Bi_ROM_sim_netlist.vhdl" into library xil_defaultlib
INFO: [VRFC 10-307] analyzing entity Bi_ROM_rom
INFO: [VRFC 10-307] analyzing entity Bi_ROM_dist_mem_gen_v8_0_11_synth
INFO: [VRFC 10-307] analyzing entity Bi_ROM_dist_mem_gen_v8_0_11
INFO: [VRFC 10-307] analyzing entity Bi_ROM
INFO: [VRFC 10-163] Analyzing VHDL file "D:/Ashkan works/VHDL_project_2/phase2/phase2.srcs/sources_1/ip/Bf_ROM/Bf_ROM_sim_netlist.vhdl" into library xil_defaultlib
INFO: [VRFC 10-307] analyzing entity Bf_ROM_rom
INFO: [VRFC 10-307] analyzing entity Bf_ROM_dist_mem_gen_v8_0_11_synth
INFO: [VRFC 10-307] analyzing entity Bf_ROM_dist_mem_gen_v8_0_11
INFO: [VRFC 10-307] analyzing entity Bf_ROM
INFO: [VRFC 10-163] Analyzing VHDL file "D:/Ashkan works/VHDL_project_2/phase2/phase2.srcs/sources_1/ip/Bc_ROM/Bc_ROM_sim_netlist.vhdl" into library xil_defaultlib
INFO: [VRFC 10-307] analyzing entity Bc_ROM_rom
INFO: [VRFC 10-307] analyzing entity Bc_ROM_dist_mem_gen_v8_0_11_synth
INFO: [VRFC 10-307] analyzing entity Bc_ROM_dist_mem_gen_v8_0_11
INFO: [VRFC 10-307] analyzing entity Bc_ROM
INFO: [VRFC 10-163] Analyzing VHDL file "D:/Ashkan works/VHDL_project_2/phase2/phase2.srcs/sources_1/new/multipier_module.vhd" into library xil_defaultlib
INFO: [VRFC 10-307] analyzing entity multiplier_module
INFO: [VRFC 10-163] Analyzing VHDL file "D:/Ashkan works/VHDL_project_2/phase2/phase2.srcs/sources_1/new/add_module.vhd" into library xil_defaultlib
INFO: [VRFC 10-307] analyzing entity add_module
INFO: [VRFC 10-163] Analyzing VHDL file "D:/Ashkan works/VHDL_project_2/phase2/phase2.srcs/sources_1/new/tanh_module.vhd" into library xil_defaultlib
INFO: [VRFC 10-307] analyzing entity tanh_module
INFO: [VRFC 10-163] Analyzing VHDL file "D:/Ashkan works/VHDL_project_2/phase2/phase2.srcs/sources_1/new/sigmoid_module.vhd" into library xil_defaultlib
INFO: [VRFC 10-307] analyzing entity sigmoid_module
INFO: [VRFC 10-163] Analyzing VHDL file "D:/Ashkan works/VHDL_project_2/phase2/phase2.srcs/sources_1/new/matrix_multipler.vhd" into library xil_defaultlib
INFO: [VRFC 10-307] analyzing entity matrix_multipler
INFO: [VRFC 10-163] Analyzing VHDL file "D:/Ashkan works/VHDL_project_2/phase2/phase2.srcs/sources_1/new/LSTM_cell.vhd" into library xil_defaultlib
INFO: [VRFC 10-307] analyzing entity LSTM_cell
INFO: [VRFC 10-163] Analyzing VHDL file "D:/Ashkan works/VHDL_project_2/phase2/phase2.srcs/sim_1/new/LSTM_cell_tb.vhd" into library xil_defaultlib
INFO: [VRFC 10-307] analyzing entity LSTM_cell_tb
